{"inputs": {"userid": "4bd0b3ba-2b73-4764-8b92-0c93329ba8b5"}, "name": "CuingExperiment", "params": {"use_round_number": 0, "count_visibility": "hidden"}, "time": 1439055355, "salt": "CuingExperiment", "event": "exposure"}
{"inputs": {"userid": "1fdc7404-24fb-4f83-ae54-2363d5fdd7de"}, "name": "CuingExperiment", "params": {"use_round_number": 0, "count_visibility": "hidden"}, "time": 1439057432, "salt": "CuingExperiment", "event": "exposure"}
{"inputs": {"userid": "b8c1af9f-6095-49b8-9c59-88d7bc130fe5"}, "name": "CuingExperiment", "params": {"use_round_number": 0, "count_visibility": "hidden"}, "time": 1439057432, "salt": "CuingExperiment", "event": "exposure"}
{"inputs": {"userid": "a6f13586-f28b-4484-8b13-a22fb5ab7c98"}, "name": "CuingExperiment", "params": {"use_round_number": 0, "count_visibility": "hidden"}, "time": 1439061028, "salt": "CuingExperiment", "event": "exposure"}
{"inputs": {"userid": "d6e09355-21d1-42ae-9c61-c12a633a272d"}, "name": "CuingExperiment", "params": {"use_round_number": 0, "count_visibility": "hidden"}, "time": 1439061028, "salt": "CuingExperiment", "event": "exposure"}
{"inputs": {"userid": "c07f890b-40b0-4500-ba93-e1e5195c00f8"}, "name": "CuingExperiment", "params": {"use_round_number": 0, "count_visibility": "hidden"}, "time": 1439064623, "salt": "CuingExperiment", "event": "exposure"}
{"inputs": {"userid": "becd10cf-f77a-4816-85bd-7eb06af1f630"}, "name": "CuingExperiment", "params": {"use_round_number": 1, "count_visibility": "visible"}, "time": 1439064623, "salt": "CuingExperiment", "event": "exposure"}
{"inputs": {"userid": "8c0becb7-daa9-4054-871a-710201d55230"}, "name": "CuingExperiment", "params": {"use_round_number": 0, "count_visibility": "hidden"}, "time": 1439065578, "salt": "CuingExperiment", "event": "exposure"}
{"inputs": {"userid": "f6b5f9af-e806-4358-a728-0a6bb01f55b2"}, "name": "CuingExperiment", "params": {"use_round_number": 1, "count_visibility": "visible"}, "time": 1439068247, "salt": "CuingExperiment", "event": "exposure"}
{"inputs": {"userid": "1341f71c-8960-4ea9-a925-880941a9d824"}, "name": "CuingExperiment", "params": {"use_round_number": 1, "count_visibility": "visible"}, "time": 1439068247, "salt": "CuingExperiment", "event": "exposure"}
{"inputs": {"userid": "29e2b66c-d308-45ac-a3ed-017a45e4eff6"}, "name": "CuingExperiment", "params": {"use_round_number": 1, "count_visibility": "visible"}, "time": 1439071856, "salt": "CuingExperiment", "event": "exposure"}
{"inputs": {"userid": "1865a295-6be6-4c86-8f3a-94bd5575bb59"}, "name": "CuingExperiment", "params": {"use_round_number": 0, "count_visibility": "hidden"}, "time": 1439071857, "salt": "CuingExperiment", "event": "exposure"}
{"inputs": {"userid": "8713b701-96bb-4918-9700-7d4150d3f28c"}, "name": "CuingExperiment", "params": {"use_round_number": 0, "count_visibility": "hidden"}, "time": 1439075424, "salt": "CuingExperiment", "event": "exposure"}
{"inputs": {"userid": "6e57ca1a-207d-4c4a-ba91-c4e5148f31e7"}, "name": "CuingExperiment", "params": {"use_round_number": 0, "count_visibility": "hidden"}, "time": 1439075424, "salt": "CuingExperiment", "event": "exposure"}
{"inputs": {"userid": "99b988c8-7e87-4085-9dea-ac847032704a"}, "name": "CuingExperiment", "params": {"use_round_number": 0, "count_visibility": "hidden"}, "time": 1439075449, "salt": "CuingExperiment", "event": "exposure"}
{"inputs": {"userid": "ea7b7d6c-b1fc-4923-9526-0f427b172f8d"}, "name": "CuingExperiment", "params": {"use_round_number": 0, "count_visibility": "hidden"}, "time": 1439075763, "salt": "CuingExperiment", "event": "exposure"}
{"inputs": {"userid": "9dc173c3-db6f-41df-85b5-d405d8fc9b1d"}, "name": "CuingExperiment", "params": {"use_round_number": 0, "count_visibility": "hidden"}, "time": 1439075763, "salt": "CuingExperiment", "event": "exposure"}
{"inputs": {"userid": "6921911a-64c3-4e26-9f07-8ce7eea1393d"}, "name": "CuingExperiment", "params": {"use_round_number": 0, "count_visibility": "hidden"}, "time": 1439075824, "salt": "CuingExperiment", "event": "exposure"}
{"inputs": {"userid": "6921911a-64c3-4e26-9f07-8ce7eea1393d"}, "name": "CuingExperiment", "params": {"use_round_number": 0, "count_visibility": "hidden"}, "time": 1439076178, "salt": "CuingExperiment", "event": "exposure"}
{"inputs": {"userid": "6921911a-64c3-4e26-9f07-8ce7eea1393d"}, "name": "CuingExperiment", "params": {"use_round_number": 0, "count_visibility": "hidden"}, "time": 1439077283, "extra_data": {"v1_choice": "5", "v2_choice": "1.5", "gender": "Male", "age": "31-40", "education": "GS", "v3_choice": "3.6", "email": ""}, "salt": "CuingExperiment", "event": "vote"}
{"inputs": {"userid": "7c254e63-e197-48d0-8264-39ce17b92c62"}, "name": "CuingExperiment", "params": {"use_round_number": 0, "count_visibility": "hidden"}, "time": 1439079021, "salt": "CuingExperiment", "event": "exposure"}
{"inputs": {"userid": "c80190f5-48ca-4b81-8338-c291f73b3e92"}, "name": "CuingExperiment", "params": {"use_round_number": 0, "count_visibility": "hidden"}, "time": 1439079021, "salt": "CuingExperiment", "event": "exposure"}
{"inputs": {"userid": "363a2e5d-853b-4ada-8072-b4d6b6e37adf"}, "name": "CuingExperiment", "params": {"use_round_number": 0, "count_visibility": "hidden"}, "time": 1439082626, "salt": "CuingExperiment", "event": "exposure"}
{"inputs": {"userid": "8aa91615-99df-40a7-87fc-12c4021276e3"}, "name": "CuingExperiment", "params": {"use_round_number": 0, "count_visibility": "hidden"}, "time": 1439082626, "salt": "CuingExperiment", "event": "exposure"}
{"inputs": {"userid": "5a4519e4-0e4c-4c6c-9574-3ea6a5078baf"}, "name": "CuingExperiment", "params": {"use_round_number": 0, "count_visibility": "hidden"}, "time": 1439086226, "salt": "CuingExperiment", "event": "exposure"}
{"inputs": {"userid": "30fe87b2-dca2-4b45-a3a0-5b8913e4a7f5"}, "name": "CuingExperiment", "params": {"use_round_number": 1, "count_visibility": "visible"}, "time": 1439086226, "salt": "CuingExperiment", "event": "exposure"}
{"inputs": {"userid": "70c1fb73-fe84-4579-aa48-044db436f557"}, "name": "CuingExperiment", "params": {"use_round_number": 0, "count_visibility": "hidden"}, "time": 1439089531, "salt": "CuingExperiment", "event": "exposure"}
{"inputs": {"userid": "e670aa92-9bea-4e51-93a9-76560bc698bb"}, "name": "CuingExperiment", "params": {"use_round_number": 0, "count_visibility": "hidden"}, "time": 1439089841, "salt": "CuingExperiment", "event": "exposure"}
{"inputs": {"userid": "17bd7946-c1f8-463e-980e-be875aed5f5c"}, "name": "CuingExperiment", "params": {"use_round_number": 1, "count_visibility": "visible"}, "time": 1439089841, "salt": "CuingExperiment", "event": "exposure"}
{"inputs": {"userid": "70c1fb73-fe84-4579-aa48-044db436f557"}, "name": "CuingExperiment", "params": {"use_round_number": 0, "count_visibility": "hidden"}, "time": 1439090200, "extra_data": {"v1_choice": "3.5", "v2_choice": "3.5", "gender": "Male", "age": "51-60", "education": "GS", "v3_choice": "2.9", "email": ""}, "salt": "CuingExperiment", "event": "vote"}
{"inputs": {"userid": "3330488b-800f-4252-9c89-57d50379f45d"}, "name": "CuingExperiment", "params": {"use_round_number": 0, "count_visibility": "hidden"}, "time": 1439091944, "salt": "CuingExperiment", "event": "exposure"}
{"inputs": {"userid": "3330488b-800f-4252-9c89-57d50379f45d"}, "name": "CuingExperiment", "params": {"use_round_number": 0, "count_visibility": "hidden"}, "time": 1439092570, "extra_data": {"v1_choice": "4", "v2_choice": "1.8", "gender": "Male", "age": "31-40", "education": "GS", "v3_choice": "3.7", "email": "amitavadas@gmail.com"}, "salt": "CuingExperiment", "event": "vote"}
{"inputs": {"userid": "7bf9335b-d53b-4ce7-a401-4166ee7c97a5"}, "name": "CuingExperiment", "params": {"use_round_number": 1, "count_visibility": "visible"}, "time": 1439093425, "salt": "CuingExperiment", "event": "exposure"}
{"inputs": {"userid": "f4610c39-319f-4c93-aa1a-a7c20441d89d"}, "name": "CuingExperiment", "params": {"use_round_number": 1, "count_visibility": "visible"}, "time": 1439093426, "salt": "CuingExperiment", "event": "exposure"}
{"inputs": {"userid": "b0168d8f-2d83-43f3-bd98-694c3673aba2"}, "name": "CuingExperiment", "params": {"use_round_number": 1, "count_visibility": "visible"}, "time": 1439097025, "salt": "CuingExperiment", "event": "exposure"}
{"inputs": {"userid": "5a81089d-850b-4b3d-9cd9-3c726717da71"}, "name": "CuingExperiment", "params": {"use_round_number": 0, "count_visibility": "hidden"}, "time": 1439097026, "salt": "CuingExperiment", "event": "exposure"}
{"inputs": {"userid": "1cfd6491-f798-485e-9de1-c8112a7c8cf1"}, "name": "CuingExperiment", "params": {"use_round_number": 1, "count_visibility": "visible"}, "time": 1439100196, "salt": "CuingExperiment", "event": "exposure"}
{"inputs": {"userid": "96360e26-0dbc-498f-be0b-1609de453318"}, "name": "CuingExperiment", "params": {"use_round_number": 0, "count_visibility": "hidden"}, "time": 1439100620, "salt": "CuingExperiment", "event": "exposure"}
{"inputs": {"userid": "df299487-65fe-4601-b06f-d49ab5e4301d"}, "name": "CuingExperiment", "params": {"use_round_number": 1, "count_visibility": "visible"}, "time": 1439100620, "salt": "CuingExperiment", "event": "exposure"}
{"inputs": {"userid": "1cfd6491-f798-485e-9de1-c8112a7c8cf1"}, "name": "CuingExperiment", "params": {"use_round_number": 1, "count_visibility": "visible"}, "time": 1439100770, "extra_data": {"v1_choice": "2", "v2_choice": "1.5", "gender": "Male", "age": "31-40", "education": "Col", "v3_choice": "3", "email": ""}, "salt": "CuingExperiment", "event": "vote"}
{"inputs": {"userid": "8478f271-b96d-4df5-841c-81c566d90a1e"}, "name": "CuingExperiment", "params": {"use_round_number": 0, "count_visibility": "hidden"}, "time": 1439104223, "salt": "CuingExperiment", "event": "exposure"}
{"inputs": {"userid": "7b888bde-396f-4a13-8a38-680c5773f412"}, "name": "CuingExperiment", "params": {"use_round_number": 1, "count_visibility": "visible"}, "time": 1439104223, "salt": "CuingExperiment", "event": "exposure"}
{"inputs": {"userid": "0655ff24-3c03-47c6-96cf-e273af4a5fde"}, "name": "CuingExperiment", "params": {"use_round_number": 0, "count_visibility": "hidden"}, "time": 1439107829, "salt": "CuingExperiment", "event": "exposure"}
{"inputs": {"userid": "2b9b5161-34d3-45a5-ad95-d019445f1667"}, "name": "CuingExperiment", "params": {"use_round_number": 0, "count_visibility": "hidden"}, "time": 1439107830, "salt": "CuingExperiment", "event": "exposure"}
{"inputs": {"userid": "5272b772-a6b9-4818-97bb-de7a15c5f9b6"}, "name": "CuingExperiment", "params": {"use_round_number": 0, "count_visibility": "hidden"}, "time": 1439111429, "salt": "CuingExperiment", "event": "exposure"}
{"inputs": {"userid": "e2654595-14d5-444f-b6f8-2a664857f686"}, "name": "CuingExperiment", "params": {"use_round_number": 0, "count_visibility": "hidden"}, "time": 1439111430, "salt": "CuingExperiment", "event": "exposure"}
{"inputs": {"userid": "67be6b0e-8a34-4cc5-a31f-86b5f9b7d0fa"}, "name": "CuingExperiment", "params": {"use_round_number": 0, "count_visibility": "hidden"}, "time": 1439115018, "salt": "CuingExperiment", "event": "exposure"}
{"inputs": {"userid": "677abba3-1fe3-4b50-a843-e58ef8482947"}, "name": "CuingExperiment", "params": {"use_round_number": 1, "count_visibility": "visible"}, "time": 1439115019, "salt": "CuingExperiment", "event": "exposure"}
{"inputs": {"userid": "5bafdf2a-3305-45a2-9ede-5a81cd95db64"}, "name": "CuingExperiment", "params": {"use_round_number": 1, "count_visibility": "visible"}, "time": 1439118622, "salt": "CuingExperiment", "event": "exposure"}
{"inputs": {"userid": "03b3793d-946e-48f3-bb98-87098eb8b63b"}, "name": "CuingExperiment", "params": {"use_round_number": 1, "count_visibility": "visible"}, "time": 1439118622, "salt": "CuingExperiment", "event": "exposure"}
{"inputs": {"userid": "37e60983-15a6-4944-9864-32bd69e5fe85"}, "name": "CuingExperiment", "params": {"use_round_number": 0, "count_visibility": "hidden"}, "time": 1439122222, "salt": "CuingExperiment", "event": "exposure"}
{"inputs": {"userid": "40245298-2f94-4ff3-9590-45a04ce3593f"}, "name": "CuingExperiment", "params": {"use_round_number": 0, "count_visibility": "hidden"}, "time": 1439122222, "salt": "CuingExperiment", "event": "exposure"}
{"inputs": {"userid": "2e22f76b-9a88-488c-961d-20dc5fcb1cad"}, "name": "CuingExperiment", "params": {"use_round_number": 0, "count_visibility": "hidden"}, "time": 1439125835, "salt": "CuingExperiment", "event": "exposure"}
{"inputs": {"userid": "a497a3a7-7078-475a-beef-5d793af34aed"}, "name": "CuingExperiment", "params": {"use_round_number": 0, "count_visibility": "hidden"}, "time": 1439125835, "salt": "CuingExperiment", "event": "exposure"}
{"inputs": {"userid": "af44de4f-4b90-49c8-b7b4-1b012bc0fa6a"}, "name": "CuingExperiment", "params": {"use_round_number": 1, "count_visibility": "visible"}, "time": 1439129435, "salt": "CuingExperiment", "event": "exposure"}
{"inputs": {"userid": "58b12292-cc19-4a22-ac0e-ca3df0013eb9"}, "name": "CuingExperiment", "params": {"use_round_number": 0, "count_visibility": "hidden"}, "time": 1439129435, "salt": "CuingExperiment", "event": "exposure"}
{"inputs": {"userid": "fd91cccd-4aa8-42b7-aa79-4b0da9dbbb6b"}, "name": "CuingExperiment", "params": {"use_round_number": 0, "count_visibility": "hidden"}, "time": 1439133043, "salt": "CuingExperiment", "event": "exposure"}
{"inputs": {"userid": "fe636e1f-eada-4e8c-8b4f-244675cf98ba"}, "name": "CuingExperiment", "params": {"use_round_number": 1, "count_visibility": "visible"}, "time": 1439133043, "salt": "CuingExperiment", "event": "exposure"}
{"inputs": {"userid": "59944746-fcd7-4cda-8fcc-927632e0ef4c"}, "name": "CuingExperiment", "params": {"use_round_number": 0, "count_visibility": "hidden"}, "time": 1439135117, "salt": "CuingExperiment", "event": "exposure"}
{"inputs": {"userid": "b8e20886-0c07-4ba9-bdde-d8bc5552f9e7"}, "name": "CuingExperiment", "params": {"use_round_number": 0, "count_visibility": "hidden"}, "time": 1439135117, "salt": "CuingExperiment", "event": "exposure"}
{"inputs": {"userid": "848b1055-6ce8-4665-aa8d-d02661f3028f"}, "name": "CuingExperiment", "params": {"use_round_number": 1, "count_visibility": "visible"}, "time": 1439135281, "salt": "CuingExperiment", "event": "exposure"}
{"inputs": {"userid": "24924b21-ff2c-40b3-b25e-e16c91e10f3f"}, "name": "CuingExperiment", "params": {"use_round_number": 1, "count_visibility": "visible"}, "time": 1439136618, "salt": "CuingExperiment", "event": "exposure"}
{"inputs": {"userid": "82abc596-6d1f-44d4-af5e-aafafac6e053"}, "name": "CuingExperiment", "params": {"use_round_number": 1, "count_visibility": "visible"}, "time": 1439136622, "salt": "CuingExperiment", "event": "exposure"}
{"inputs": {"userid": "5c71ff29-c911-4309-9f7b-b73afe510c11"}, "name": "CuingExperiment", "params": {"use_round_number": 1, "count_visibility": "visible"}, "time": 1439136622, "salt": "CuingExperiment", "event": "exposure"}
{"inputs": {"userid": "03873167-368e-471b-bd2c-8ab3a107a070"}, "name": "CuingExperiment", "params": {"use_round_number": 1, "count_visibility": "visible"}, "time": 1439137793, "salt": "CuingExperiment", "event": "exposure"}
{"inputs": {"userid": "03873167-368e-471b-bd2c-8ab3a107a070"}, "name": "CuingExperiment", "params": {"use_round_number": 1, "count_visibility": "visible"}, "time": 1439138384, "extra_data": {"v1_choice": "3", "v2_choice": "2", "gender": "Male", "age": "21-30", "education": "Col", "v3_choice": "4", "email": "glenn.dunmire.iv@gmail.com"}, "salt": "CuingExperiment", "event": "vote"}
{"inputs": {"userid": "ed6bfa85-f6d7-42b5-88b3-06a5697866e8"}, "name": "CuingExperiment", "params": {"use_round_number": 0, "count_visibility": "hidden"}, "time": 1439140220, "salt": "CuingExperiment", "event": "exposure"}
{"inputs": {"userid": "5478a139-6ed9-4103-ada0-54ee9ef25a09"}, "name": "CuingExperiment", "params": {"use_round_number": 1, "count_visibility": "visible"}, "time": 1439140220, "salt": "CuingExperiment", "event": "exposure"}
{"inputs": {"userid": "fbee7292-90d1-4ef2-a8a1-26dbadb84885"}, "name": "CuingExperiment", "params": {"use_round_number": 1, "count_visibility": "visible"}, "time": 1439143822, "salt": "CuingExperiment", "event": "exposure"}
{"inputs": {"userid": "74ad31fc-fd2b-45be-b35a-ac3baf289e05"}, "name": "CuingExperiment", "params": {"use_round_number": 0, "count_visibility": "hidden"}, "time": 1439143822, "salt": "CuingExperiment", "event": "exposure"}
{"inputs": {"userid": "46f75aaa-8489-4fec-9e00-95e68d00b173"}, "name": "CuingExperiment", "params": {"use_round_number": 1, "count_visibility": "visible"}, "time": 1439146778, "salt": "CuingExperiment", "event": "exposure"}
{"inputs": {"userid": "46f75aaa-8489-4fec-9e00-95e68d00b173"}, "name": "CuingExperiment", "params": {"use_round_number": 1, "count_visibility": "visible"}, "time": 1439146946, "extra_data": {"v1_choice": "0", "v2_choice": "0", "gender": "Male", "age": "21-30", "education": "Col", "v3_choice": "0", "email": "rebuhr@gmail.com"}, "salt": "CuingExperiment", "event": "vote"}
{"inputs": {"userid": "46f75aaa-8489-4fec-9e00-95e68d00b173"}, "name": "CuingExperiment", "params": {"use_round_number": 1, "count_visibility": "visible"}, "time": 1439146951, "salt": "CuingExperiment", "event": "exposure"}
{"inputs": {"userid": "46f75aaa-8489-4fec-9e00-95e68d00b173"}, "name": "CuingExperiment", "params": {"use_round_number": 1, "count_visibility": "visible"}, "time": 1439146989, "extra_data": {"v1_choice": "4", "v2_choice": "3.6", "gender": "Male", "age": "21-30", "education": "Col", "v3_choice": "3.7", "email": "rebuhr@gmail.com"}, "salt": "CuingExperiment", "event": "vote"}
{"inputs": {"userid": "8d66e883-f1e1-477f-9b3a-5cc0ed9adc72"}, "name": "CuingExperiment", "params": {"use_round_number": 0, "count_visibility": "hidden"}, "time": 1439147424, "salt": "CuingExperiment", "event": "exposure"}
{"inputs": {"userid": "4a911d82-fdb2-4301-89fb-8d2a2a5739d8"}, "name": "CuingExperiment", "params": {"use_round_number": 1, "count_visibility": "visible"}, "time": 1439147424, "salt": "CuingExperiment", "event": "exposure"}
